app/build/outputs/logs/manifest-merger-release-report.txt
-- Merging decision tree log ---
manifest
ADDED from src\main\AndroidManifest.xml:2:1-266:12
INJECTED from src\main\AndroidManifest.xml:2:1-266:12
INJECTED from src\main\AndroidManifest.xml:2:1-266:12
INJECTED from src\main\AndroidManifest.xml:2:1-266:12
MERGED from [com.github.dongjunkun:DropDownMenu:1.0.4] AndroidManifest.xml:2:1-12:12
MERGED from [:pickerview] AndroidManifest.xml:2:1-11:12
MERGED from [com.baoyz.swipemenulistview:library:1.3.0] AndroidManifest.xml:2:1-11:12
MERGED from [com.android.support:appcompat-v7:26.1.0] AndroidManifest.xml:17:1-31:12
MERGED from [com.android.support:support-v4:26.1.0] AndroidManifest.xml:17:1-31:12
MERGED from [com.ashokvarma.android:bottom-navigation-bar:2.0.4] AndroidManifest.xml:2:1-13:12
MERGED from [com.scwang.smartrefresh:SmartRefreshLayout:1.0.3] AndroidManifest.xml:2:1-17:12
MERGED from [com.android.support:animated-vector-drawable:26.1.0] AndroidManifest.xml:17:1-28:12
MERGED from [com.android.support:support-vector-drawable:26.1.0] AndroidManifest.xml:17:1-28:12
MERGED from [com.android.support:support-fragment:26.1.0] AndroidManifest.xml:17:1-31:12
MERGED from [com.android.support:support-core-ui:26.1.0] AndroidManifest.xml:17:1-31:12
MERGED from [com.android.support:support-media-compat:26.1.0] AndroidManifest.xml:17:1-31:12
MERGED from [com.android.support:support-core-utils:26.1.0] AndroidManifest.xml:17:1-31:12
MERGED from [com.android.support:support-compat:26.1.0] AndroidManifest.xml:17:1-31:12
MERGED from [android.arch.lifecycle:runtime:1.0.0] AndroidManifest.xml:17:1-30:12
INJECTED from src\main\AndroidManifest.xml:2:1-266:12
INJECTED from src\main\AndroidManifest.xml:2:1-266:12
INJECTED from src\main\AndroidManifest.xml:2:1-266:12
	package
		ADDED from src\main\AndroidManifest.xml:3:5-32
		INJECTED from src\main\AndroidManifest.xml
		INJECTED from src\main\AndroidManifest.xml
	android:versionName
		INJECTED from src\main\AndroidManifest.xml
		ADDED from src\main\AndroidManifest.xml:2:1-266:12
		INJECTED from src\main\AndroidManifest.xml
	android:versionCode
		INJECTED from src\main\AndroidManifest.xml
		ADDED from src\main\AndroidManifest.xml:2:1-266:12
		INJECTED from src\main\AndroidManifest.xml
	xmlns:android
		ADDED from src\main\AndroidManifest.xml:2:11-69
uses-permission#android.permission.REQUEST_INSTALL_PACKAGES
ADDED from src\main\AndroidManifest.xml:5:5-83
	android:name
		ADDED from src\main\AndroidManifest.xml:5:22-80
uses-permission#android.permission.CAMERA
ADDED from src\main\AndroidManifest.xml:7:5-65
	android:name
		ADDED from src\main\AndroidManifest.xml:7:22-62
uses-permission#android.permission.VIBRATE
ADDED from src\main\AndroidManifest.xml:9:5-66
	android:name
		ADDED from src\main\AndroidManifest.xml:9:22-63
uses-permission#android.permission.WRITE_EXTERNAL_STORAGE
ADDED from src\main\AndroidManifest.xml:11:5-81
	android:name
		ADDED from src\main\AndroidManifest.xml:11:22-78
uses-permission#android.permission.READ_EXTERNAL_STORAGE
ADDED from src\main\AndroidManifest.xml:13:5-80
	android:name
		ADDED from src\main\AndroidManifest.xml:13:22-77
uses-permission#android.permission.MOUNT_UNMOUNT_FILESYSTEMS
ADDED from src\main\AndroidManifest.xml:14:5-84
	android:name
		ADDED from src\main\AndroidManifest.xml:14:22-81
uses-permission#android.permission.INTERNET
ADDED from src\main\AndroidManifest.xml:16:5-67
	android:name
		ADDED from src\main\AndroidManifest.xml:16:22-64
uses-permission#android.permission.ACCESS_NETWORK_STATE
ADDED from src\main\AndroidManifest.xml:18:5-79
	android:name
		ADDED from src\main\AndroidManifest.xml:18:22-76
uses-permission#android.permission.FLASHLIGHT
ADDED from src\main\AndroidManifest.xml:20:5-69
	android:name
		ADDED from src\main\AndroidManifest.xml:20:22-66
uses-permission#android.permission.READ_CONTACTS
ADDED from src\main\AndroidManifest.xml:22:5-72
	android:name
		ADDED from src\main\AndroidManifest.xml:22:22-69
uses-permission#com.android.browser.permission.READ_HISTORY_BOOKMARKS
ADDED from src\main\AndroidManifest.xml:25:5-93
	android:name
		ADDED from src\main\AndroidManifest.xml:25:22-90
uses-permission#android.permission.CHANGE_WIFI_STATE
ADDED from src\main\AndroidManifest.xml:27:5-76
	android:name
		ADDED from src\main\AndroidManifest.xml:27:22-73
uses-permission#android.permission.ACCESS_WIFI_STATE
ADDED from src\main\AndroidManifest.xml:28:5-76
	android:name
		ADDED from src\main\AndroidManifest.xml:28:22-73
uses-feature#android.hardware.camera.any
ADDED from src\main\AndroidManifest.xml:30:5-64
	android:name
		ADDED from src\main\AndroidManifest.xml:30:19-61
uses-feature#android.hardware.camera.autofocus
ADDED from src\main\AndroidManifest.xml:31:5-33:36
	android:required
		ADDED from src\main\AndroidManifest.xml:33:9-33
	android:name
		ADDED from src\main\AndroidManifest.xml:32:9-57
uses-feature#android.hardware.camera.flash
ADDED from src\main\AndroidManifest.xml:35:5-37:36
	android:required
		ADDED from src\main\AndroidManifest.xml:37:9-33
	android:name
		ADDED from src\main\AndroidManifest.xml:36:9-53
uses-feature#android.hardware.screen.landscape
ADDED from src\main\AndroidManifest.xml:38:5-70
	android:name
		ADDED from src\main\AndroidManifest.xml:38:19-67
uses-feature#android.hardware.wifi
ADDED from src\main\AndroidManifest.xml:40:5-42:36
	android:required
		ADDED from src\main\AndroidManifest.xml:42:9-33
	android:name
		ADDED from src\main\AndroidManifest.xml:41:9-45
application
ADDED from src\main\AndroidManifest.xml:52:5-264:19
MERGED from [com.android.support:appcompat-v7:26.1.0] AndroidManifest.xml:25:5-29:19
MERGED from [com.android.support:appcompat-v7:26.1.0] AndroidManifest.xml:25:5-29:19
MERGED from [com.android.support:support-v4:26.1.0] AndroidManifest.xml:25:5-29:19
MERGED from [com.android.support:support-v4:26.1.0] AndroidManifest.xml:25:5-29:19
MERGED from [com.ashokvarma.android:bottom-navigation-bar:2.0.4] AndroidManifest.xml:11:5-47
MERGED from [com.ashokvarma.android:bottom-navigation-bar:2.0.4] AndroidManifest.xml:11:5-47
MERGED from [com.scwang.smartrefresh:SmartRefreshLayout:1.0.3] AndroidManifest.xml:11:5-15:19
MERGED from [com.scwang.smartrefresh:SmartRefreshLayout:1.0.3] AndroidManifest.xml:11:5-15:19
MERGED from [com.android.support:animated-vector-drawable:26.1.0] AndroidManifest.xml:22:5-26:19
MERGED from [com.android.support:animated-vector-drawable:26.1.0] AndroidManifest.xml:22:5-26:19
MERGED from [com.android.support:support-vector-drawable:26.1.0] AndroidManifest.xml:22:5-26:19
MERGED from [com.android.support:support-vector-drawable:26.1.0] AndroidManifest.xml:22:5-26:19
MERGED from [com.android.support:support-fragment:26.1.0] AndroidManifest.xml:25:5-29:19
MERGED from [com.android.support:support-fragment:26.1.0] AndroidManifest.xml:25:5-29:19
MERGED from [com.android.support:support-core-ui:26.1.0] AndroidManifest.xml:25:5-29:19
MERGED from [com.android.support:support-core-ui:26.1.0] AndroidManifest.xml:25:5-29:19
MERGED from [com.android.support:support-media-compat:26.1.0] AndroidManifest.xml:25:5-29:19
MERGED from [com.android.support:support-media-compat:26.1.0] AndroidManifest.xml:25:5-29:19
MERGED from [com.android.support:support-core-utils:26.1.0] AndroidManifest.xml:25:5-29:19
MERGED from [com.android.support:support-core-utils:26.1.0] AndroidManifest.xml:25:5-29:19
MERGED from [com.android.support:support-compat:26.1.0] AndroidManifest.xml:25:5-29:19
MERGED from [com.android.support:support-compat:26.1.0] AndroidManifest.xml:25:5-29:19
MERGED from [android.arch.lifecycle:runtime:1.0.0] AndroidManifest.xml:24:5-28:19
MERGED from [android.arch.lifecycle:runtime:1.0.0] AndroidManifest.xml:24:5-28:19
	android:supportsRtl
		ADDED from [com.ashokvarma.android:bottom-navigation-bar:2.0.4] AndroidManifest.xml:11:18-44
	android:label
		ADDED from src\main\AndroidManifest.xml:55:9-41
	android:icon
		ADDED from src\main\AndroidManifest.xml:54:9-43
	android:allowBackup
		ADDED from src\main\AndroidManifest.xml:53:9-35
activity#com.shu.messystem.SplashActivity
ADDED from src\main\AndroidManifest.xml:57:9-64:20
	android:theme
		ADDED from src\main\AndroidManifest.xml:58:13-50
	android:name
		ADDED from src\main\AndroidManifest.xml:57:19-66
intent-filter#android.intent.action.MAIN+android.intent.category.LAUNCHER
ADDED from src\main\AndroidManifest.xml:59:13-63:29
action#android.intent.action.MAIN
ADDED from src\main\AndroidManifest.xml:61:17-69
	android:name
		ADDED from src\main\AndroidManifest.xml:61:25-66
category#android.intent.category.LAUNCHER
ADDED from src\main\AndroidManifest.xml:62:17-77
	android:name
		ADDED from src\main\AndroidManifest.xml:62:27-74
activity#com.shu.messystem.LoginActivity
ADDED from src\main\AndroidManifest.xml:66:9-71:20
	android:label
		ADDED from src\main\AndroidManifest.xml:68:13-45
	android:windowSoftInputMode
		ADDED from src\main\AndroidManifest.xml:69:13-73
	android:theme
		ADDED from src\main\AndroidManifest.xml:70:13-49
	android:name
		ADDED from src\main\AndroidManifest.xml:67:13-59
activity#com.shu.messystem.main_login.LoginActivity
ADDED from src\main\AndroidManifest.xml:76:9-79:70
	android:windowSoftInputMode
		ADDED from src\main\AndroidManifest.xml:79:13-67
	android:theme
		ADDED from src\main\AndroidManifest.xml:78:13-46
	android:name
		ADDED from src\main\AndroidManifest.xml:77:13-70
activity#com.shu.messystem.main_login.LoginOtherActivity
ADDED from src\main\AndroidManifest.xml:81:9-84:70
	android:windowSoftInputMode
		ADDED from src\main\AndroidManifest.xml:84:13-67
	android:theme
		ADDED from src\main\AndroidManifest.xml:83:13-51
	android:name
		ADDED from src\main\AndroidManifest.xml:82:13-75
activity#com.shu.messystem.main_register.RegisterActivity
ADDED from src\main\AndroidManifest.xml:86:9-89:70
	android:windowSoftInputMode
		ADDED from src\main\AndroidManifest.xml:89:13-67
	android:theme
		ADDED from src\main\AndroidManifest.xml:88:13-49
	android:name
		ADDED from src\main\AndroidManifest.xml:87:13-76
service#com.shu.messystem.update_component.UpdateServices
ADDED from src\main\AndroidManifest.xml:94:9-96:19
	android:name
		ADDED from src\main\AndroidManifest.xml:94:18-82
activity#com.shu.messystem.SettingActivity
ADDED from src\main\AndroidManifest.xml:98:9-103:20
	android:windowSoftInputMode
		ADDED from src\main\AndroidManifest.xml:101:13-67
	android:theme
		ADDED from src\main\AndroidManifest.xml:100:13-46
	android:name
		ADDED from src\main\AndroidManifest.xml:99:13-61
activity#com.shu.messystem.MainActivity
ADDED from src\main\AndroidManifest.xml:106:9-110:20
	android:theme
		ADDED from src\main\AndroidManifest.xml:108:13-48
	android:name
		ADDED from src\main\AndroidManifest.xml:107:13-58
receiver#com.shu.messystem.update_component.InstallApkBroadCastReceiver
ADDED from src\main\AndroidManifest.xml:113:9-123:20
	android:enabled
		ADDED from src\main\AndroidManifest.xml:115:13-35
	android:name
		ADDED from src\main\AndroidManifest.xml:114:13-90
intent-filter#android.intent.action.PACKAGE_ADDED+android.intent.action.PACKAGE_REMOVED+android.intent.action.PACKAGE_REPLACED
ADDED from src\main\AndroidManifest.xml:116:13-122:29
action#android.intent.action.PACKAGE_ADDED
ADDED from src\main\AndroidManifest.xml:117:17-78
	android:name
		ADDED from src\main\AndroidManifest.xml:117:25-75
action#android.intent.action.PACKAGE_REPLACED
ADDED from src\main\AndroidManifest.xml:118:17-81
	android:name
		ADDED from src\main\AndroidManifest.xml:118:25-78
action#android.intent.action.PACKAGE_REMOVED
ADDED from src\main\AndroidManifest.xml:119:17-80
	android:name
		ADDED from src\main\AndroidManifest.xml:119:25-77
data
ADDED from src\main\AndroidManifest.xml:121:17-50
	android:path
		ADDED from src\main\AndroidManifest.xml:157:21-41
	android:host
		ADDED from src\main\AndroidManifest.xml:156:21-53
	android:scheme
		ADDED from src\main\AndroidManifest.xml:121:23-47
	android:mimeType
		ADDED from src\main\AndroidManifest.xml:215:23-54
provider#android.support.v4.content.FileProvider
ADDED from src\main\AndroidManifest.xml:125:9-134:20
	android:grantUriPermissions
		ADDED from src\main\AndroidManifest.xml:129:13-47
	android:authorities
		ADDED from src\main\AndroidManifest.xml:127:13-65
	android:exported
		ADDED from src\main\AndroidManifest.xml:128:13-37
	android:name
		ADDED from src\main\AndroidManifest.xml:126:13-67
meta-data#android.support.FILE_PROVIDER_PATHS
ADDED from src\main\AndroidManifest.xml:131:13-133:53
	android:resource
		ADDED from src\main\AndroidManifest.xml:133:17-50
	android:name
		ADDED from src\main\AndroidManifest.xml:132:17-67
activity#com.google.zxing.client.android.CaptureActivity
ADDED from src\main\AndroidManifest.xml:136:9-196:20
	android:screenOrientation
		ADDED from src\main\AndroidManifest.xml:139:13-49
	android:clearTaskOnLaunch
		ADDED from src\main\AndroidManifest.xml:138:13-45
	android:stateNotNeeded
		ADDED from src\main\AndroidManifest.xml:140:13-42
	android:windowSoftInputMode
		ADDED from src\main\AndroidManifest.xml:142:13-60
	android:theme
		ADDED from src\main\AndroidManifest.xml:141:13-48
	android:name
		ADDED from src\main\AndroidManifest.xml:137:13-75
intent-filter#android.intent.category.DEFAULT+com.google.zxing.client.android.SCAN
ADDED from src\main\AndroidManifest.xml:143:13-147:29
action#com.google.zxing.client.android.SCAN
ADDED from src\main\AndroidManifest.xml:144:17-79
	android:name
		ADDED from src\main\AndroidManifest.xml:144:25-76
category#android.intent.category.DEFAULT
ADDED from src\main\AndroidManifest.xml:146:17-76
	android:name
		ADDED from src\main\AndroidManifest.xml:146:27-73
intent-filter#android.intent.action.VIEW+android.intent.category.BROWSABLE+android.intent.category.DEFAULT
ADDED from src\main\AndroidManifest.xml:149:13-159:29
action#android.intent.action.VIEW
ADDED from src\main\AndroidManifest.xml:150:17-69
	android:name
		ADDED from src\main\AndroidManifest.xml:150:25-66
category#android.intent.category.BROWSABLE
ADDED from src\main\AndroidManifest.xml:153:17-78
	android:name
		ADDED from src\main\AndroidManifest.xml:153:27-75
activity#com.google.zxing.client.android.PreferencesActivity
ADDED from src\main\AndroidManifest.xml:197:9-200:45
	android:stateNotNeeded
		ADDED from src\main\AndroidManifest.xml:200:13-42
	android:label
		ADDED from src\main\AndroidManifest.xml:199:13-53
	android:name
		ADDED from src\main\AndroidManifest.xml:198:13-79
activity#com.google.zxing.client.android.encode.EncodeActivity
ADDED from src\main\AndroidManifest.xml:201:9-225:20
	android:stateNotNeeded
		ADDED from src\main\AndroidManifest.xml:203:13-42
	android:name
		ADDED from src\main\AndroidManifest.xml:202:13-81
intent-filter#android.intent.category.DEFAULT+com.google.zxing.client.android.ENCODE
ADDED from src\main\AndroidManifest.xml:204:13-208:29
action#com.google.zxing.client.android.ENCODE
ADDED from src\main\AndroidManifest.xml:205:17-81
	android:name
		ADDED from src\main\AndroidManifest.xml:205:25-78
intent-filter#android.intent.action.SEND+android.intent.category.DEFAULT
ADDED from src\main\AndroidManifest.xml:210:13-216:29
action#android.intent.action.SEND
ADDED from src\main\AndroidManifest.xml:211:17-69
	android:name
		ADDED from src\main\AndroidManifest.xml:211:25-66
activity#com.google.zxing.client.android.book.SearchBookContentsActivity
ADDED from src\main\AndroidManifest.xml:226:9-236:20
	android:screenOrientation
		ADDED from src\main\AndroidManifest.xml:229:13-56
	android:stateNotNeeded
		ADDED from src\main\AndroidManifest.xml:230:13-42
	android:label
		ADDED from src\main\AndroidManifest.xml:228:13-45
	android:name
		ADDED from src\main\AndroidManifest.xml:227:13-91
intent-filter#android.intent.category.DEFAULT+com.google.zxing.client.android.SEARCH_BOOK_CONTENTS
ADDED from src\main\AndroidManifest.xml:231:13-235:29
action#com.google.zxing.client.android.SEARCH_BOOK_CONTENTS
ADDED from src\main\AndroidManifest.xml:232:17-95
	android:name
		ADDED from src\main\AndroidManifest.xml:232:25-92
activity#com.google.zxing.client.android.share.ShareActivity
ADDED from src\main\AndroidManifest.xml:237:9-246:20
	android:screenOrientation
		ADDED from src\main\AndroidManifest.xml:239:13-45
	android:stateNotNeeded
		ADDED from src\main\AndroidManifest.xml:240:13-42
	android:name
		ADDED from src\main\AndroidManifest.xml:238:13-79
intent-filter#android.intent.category.DEFAULT+com.google.zxing.client.android.SHARE
ADDED from src\main\AndroidManifest.xml:241:13-245:29
action#com.google.zxing.client.android.SHARE
ADDED from src\main\AndroidManifest.xml:242:17-80
	android:name
		ADDED from src\main\AndroidManifest.xml:242:25-77
activity#com.google.zxing.client.android.history.HistoryActivity
ADDED from src\main\AndroidManifest.xml:247:9-250:45
	android:stateNotNeeded
		ADDED from src\main\AndroidManifest.xml:250:13-42
	android:label
		ADDED from src\main\AndroidManifest.xml:249:13-50
	android:name
		ADDED from src\main\AndroidManifest.xml:248:13-83
activity#com.google.zxing.client.android.share.BookmarkPickerActivity
ADDED from src\main\AndroidManifest.xml:251:9-254:45
	android:stateNotNeeded
		ADDED from src\main\AndroidManifest.xml:254:13-42
	android:label
		ADDED from src\main\AndroidManifest.xml:253:13-57
	android:name
		ADDED from src\main\AndroidManifest.xml:252:13-88
activity#com.google.zxing.client.android.share.AppPickerActivity
ADDED from src\main\AndroidManifest.xml:255:9-258:45
	android:stateNotNeeded
		ADDED from src\main\AndroidManifest.xml:258:13-42
	android:label
		ADDED from src\main\AndroidManifest.xml:257:13-52
	android:name
		ADDED from src\main\AndroidManifest.xml:256:13-83
activity#com.google.zxing.client.android.HelpActivity
ADDED from src\main\AndroidManifest.xml:259:9-263:45
	android:screenOrientation
		ADDED from src\main\AndroidManifest.xml:262:13-45
	android:stateNotNeeded
		ADDED from src\main\AndroidManifest.xml:263:13-42
	android:label
		ADDED from src\main\AndroidManifest.xml:261:13-46
	android:name
		ADDED from src\main\AndroidManifest.xml:260:13-72
uses-sdk
INJECTED from src\main\AndroidManifest.xml reason: use-sdk injection requested
INJECTED from src\main\AndroidManifest.xml
INJECTED from src\main\AndroidManifest.xml
MERGED from [com.github.dongjunkun:DropDownMenu:1.0.4] AndroidManifest.xml:8:5-10:41
MERGED from [com.github.dongjunkun:DropDownMenu:1.0.4] AndroidManifest.xml:8:5-10:41
MERGED from [:pickerview] AndroidManifest.xml:7:5-9:41
MERGED from [:pickerview] AndroidManifest.xml:7:5-9:41
MERGED from [com.baoyz.swipemenulistview:library:1.3.0] AndroidManifest.xml:7:5-9:41
MERGED from [com.baoyz.swipemenulistview:library:1.3.0] AndroidManifest.xml:7:5-9:41
MERGED from [com.android.support:appcompat-v7:26.1.0] AndroidManifest.xml:21:5-23:78
MERGED from [com.android.support:appcompat-v7:26.1.0] AndroidManifest.xml:21:5-23:78
MERGED from [com.android.support:support-v4:26.1.0] AndroidManifest.xml:21:5-23:54
MERGED from [com.android.support:support-v4:26.1.0] AndroidManifest.xml:21:5-23:54
MERGED from [com.ashokvarma.android:bottom-navigation-bar:2.0.4] AndroidManifest.xml:7:5-9:41
MERGED from [com.ashokvarma.android:bottom-navigation-bar:2.0.4] AndroidManifest.xml:7:5-9:41
MERGED from [com.scwang.smartrefresh:SmartRefreshLayout:1.0.3] AndroidManifest.xml:7:5-9:41
MERGED from [com.scwang.smartrefresh:SmartRefreshLayout:1.0.3] AndroidManifest.xml:7:5-9:41
MERGED from [com.android.support:animated-vector-drawable:26.1.0] AndroidManifest.xml:20:5-44
MERGED from [com.android.support:animated-vector-drawable:26.1.0] AndroidManifest.xml:20:5-44
MERGED from [com.android.support:support-vector-drawable:26.1.0] AndroidManifest.xml:20:5-44
MERGED from [com.android.support:support-vector-drawable:26.1.0] AndroidManifest.xml:20:5-44
MERGED from [com.android.support:support-fragment:26.1.0] AndroidManifest.xml:21:5-23:60
MERGED from [com.android.support:support-fragment:26.1.0] AndroidManifest.xml:21:5-23:60
MERGED from [com.android.support:support-core-ui:26.1.0] AndroidManifest.xml:21:5-23:58
MERGED from [com.android.support:support-core-ui:26.1.0] AndroidManifest.xml:21:5-23:58
MERGED from [com.android.support:support-media-compat:26.1.0] AndroidManifest.xml:21:5-23:63
MERGED from [com.android.support:support-media-compat:26.1.0] AndroidManifest.xml:21:5-23:63
MERGED from [com.android.support:support-core-utils:26.1.0] AndroidManifest.xml:21:5-23:61
MERGED from [com.android.support:support-core-utils:26.1.0] AndroidManifest.xml:21:5-23:61
MERGED from [com.android.support:support-compat:26.1.0] AndroidManifest.xml:21:5-23:58
MERGED from [com.android.support:support-compat:26.1.0] AndroidManifest.xml:21:5-23:58
MERGED from [android.arch.lifecycle:runtime:1.0.0] AndroidManifest.xml:20:5-22:41
MERGED from [android.arch.lifecycle:runtime:1.0.0] AndroidManifest.xml:20:5-22:41
INJECTED from src\main\AndroidManifest.xml
INJECTED from src\main\AndroidManifest.xml
	tools:overrideLibrary
		ADDED from [com.android.support:appcompat-v7:26.1.0] AndroidManifest.xml:23:9-75
	android:targetSdkVersion
		INJECTED from src\main\AndroidManifest.xml
		ADDED from src\main\AndroidManifest.xml
		INJECTED from src\main\AndroidManifest.xml
	android:minSdkVersion
		INJECTED from src\main\AndroidManifest.xml
		ADDED from src\main\AndroidManifest.xml
		INJECTED from src\main\AndroidManifest.xml
meta-data#android.support.VERSION
ADDED from [com.android.support:appcompat-v7:26.1.0] AndroidManifest.xml:26:9-28:38
MERGED from [com.android.support:support-v4:26.1.0] AndroidManifest.xml:26:9-28:38
MERGED from [com.android.support:support-v4:26.1.0] AndroidManifest.xml:26:9-28:38
MERGED from [com.android.support:animated-vector-drawable:26.1.0] AndroidManifest.xml:23:9-25:38
MERGED from [com.android.support:animated-vector-drawable:26.1.0] AndroidManifest.xml:23:9-25:38
MERGED from [com.android.support:support-vector-drawable:26.1.0] AndroidManifest.xml:23:9-25:38
MERGED from [com.android.support:support-vector-drawable:26.1.0] AndroidManifest.xml:23:9-25:38
MERGED from [com.android.support:support-fragment:26.1.0] AndroidManifest.xml:26:9-28:38
MERGED from [com.android.support:support-fragment:26.1.0] AndroidManifest.xml:26:9-28:38
MERGED from [com.android.support:support-core-ui:26.1.0] AndroidManifest.xml:26:9-28:38
MERGED from [com.android.support:support-core-ui:26.1.0] AndroidManifest.xml:26:9-28:38
MERGED from [com.android.support:support-media-compat:26.1.0] AndroidManifest.xml:26:9-28:38
MERGED from [com.android.support:support-media-compat:26.1.0] AndroidManifest.xml:26:9-28:38
MERGED from [com.android.support:support-core-utils:26.1.0] AndroidManifest.xml:26:9-28:38
MERGED from [com.android.support:support-core-utils:26.1.0] AndroidManifest.xml:26:9-28:38
MERGED from [com.android.support:support-compat:26.1.0] AndroidManifest.xml:26:9-28:38
MERGED from [com.android.support:support-compat:26.1.0] AndroidManifest.xml:26:9-28:38
	android:value
		ADDED from [com.android.support:appcompat-v7:26.1.0] AndroidManifest.xml:28:13-35
	android:name
		ADDED from [com.android.support:appcompat-v7:26.1.0] AndroidManifest.xml:27:13-51
meta-data#android.arch.lifecycle.VERSION
ADDED from [android.arch.lifecycle:runtime:1.0.0] AndroidManifest.xml:25:9-27:47
	android:value
		ADDED from [android.arch.lifecycle:runtime:1.0.0] AndroidManifest.xml:27:13-44
	android:name
		ADDED from [android.arch.lifecycle:runtime:1.0.0] AndroidManifest.xml:26:13-58